

                                                                      Page 1
ispLEVER Classic 2.0.00.17.20.15  -  Device Utilization Chart         Sun Jun 28 23:36:31 2015



--------------------------------------------------------------------------------

Module                   : 'decodificador'

--------------------------------------------------------------------------------

Input files:

    ABEL PLA file        : gal_dig.tt3
    Device library       : P22V10G.dev

Output files:

    Report file          : gal_dig.rpt
    Programmer load file : gal_dig.jed

--------------------------------------------------------------------------------


                                                                      Page 2
ispLEVER Classic 2.0.00.17.20.15  -  Device Utilization Chart         Sun Jun 28 23:36:31 2015

P22V10G Programmed Logic:
--------------------------------------------------------------------------------



digout_6_     = (  !diga_2_ & clk & diga_1_ 
                 #   diga_2_ & clk & !diga_1_ & diga_0_ 
                 #   !diga_2_ & clk & !diga_0_ 
                 #   !digb_3_ & !clk & digb_1_ 
                 #   digb_3_ & !clk & !digb_2_ & !digb_1_ 
                 #   !digb_3_ & !clk & digb_2_ & digb_0_ 
                 #   !clk & !digb_2_ & !digb_1_ & !digb_0_ );

digo     = (  !clk );

digt     = (  clk );

digout_5_     = (  !diga_2_ & clk 
                 #   clk & !diga_1_ & !diga_0_ 
                 #   !digb_3_ & !clk & !digb_2_ 
                 #   !clk & !digb_2_ & !digb_1_ 
                 #   !digb_3_ & !clk & digb_1_ & digb_0_ 
                 #   !digb_3_ & !clk & !digb_1_ & !digb_0_ );

digout_4_     = (  clk & !diga_1_ 
                 #   !diga_2_ & clk & diga_0_ 
                 #   !digb_3_ & !clk & digb_2_ 
                 #   !clk & !digb_2_ & !digb_1_ 
                 #   !digb_3_ & !clk & digb_0_ );

digout_3_     = (  !diga_2_ & clk & diga_1_ 
                 #   diga_2_ & clk & !diga_1_ & diga_0_ 
                 #   !diga_2_ & clk & !diga_0_ 
                 #   !digb_3_ & !clk & !digb_2_ & digb_1_ 
                 #   !digb_3_ & !clk & digb_2_ & !digb_1_ & digb_0_ 
                 #   !digb_3_ & !clk & digb_1_ & !digb_0_ 
                 #   !clk & !digb_2_ & !digb_1_ & !digb_0_ );

digout_2_     = (  !diga_2_ & clk & !diga_0_ 
                 #   !digb_3_ & !clk & digb_1_ & !digb_0_ 
                 #   !clk & !digb_2_ & !digb_1_ & !digb_0_ );

digout_1_     = (  diga_2_ & clk & !diga_1_ 
                 #   clk & !diga_1_ & !diga_0_ 
                 #   !digb_3_ & !clk & digb_2_ & !digb_1_ 
                 #   digb_3_ & !clk & !digb_2_ & !digb_1_ 
                 #   !digb_3_ & !clk & digb_2_ & !digb_0_ 
                 #   !digb_3_ & !clk & !digb_1_ & !digb_0_ );

digout_0_     = (  !diga_2_ & clk & diga_1_ 
                 #   diga_2_ & clk & !diga_1_ 
                 #   !digb_3_ & !clk & !digb_2_ & digb_1_ 
                 #   !digb_3_ & !clk & digb_2_ & !digb_1_ 
                 #   digb_3_ & !clk & !digb_2_ & !digb_1_ 
                 #   !digb_3_ & !clk & digb_2_ & !digb_0_ );



                                                                      Page 3
ispLEVER Classic 2.0.00.17.20.15  -  Device Utilization Chart         Sun Jun 28 23:36:31 2015

P22V10G Chip Diagram:
--------------------------------------------------------------------------------




                                   P22V10G

                         +---------\       /---------+
                         |          \     /          |
                         |           -----           |
                 diga_2_ |  1                    24  | Vcc                     
                         |                           |
                 diga_1_ |  2                    23  | digout_6_               
                         |                           |
                 diga_0_ |  3                    22  | digout_5_               
                         |                           |
                 digb_3_ |  4                    21  | digout_4_               
                         |                           |
                 digb_2_ |  5                    20  | digout_3_               
                         |                           |
                 digb_1_ |  6                    19  | digout_2_               
                         |                           |
                 digb_0_ |  7                    18  | digout_1_               
                         |                           |
                         |  8                    17  | digout_0_               
                         |                           |
                         |  9                    16  |                         
                         |                           |
                     clk | 10                    15  | digo                    
                         |                           |
                         | 11                    14  | digt                    
                         |                           |
                     GND | 12                    13  |                         
                         |                           |
                         |                           |
                         `---------------------------'

                        SIGNATURE: N/A


                                                                      Page 4
ispLEVER Classic 2.0.00.17.20.15  -  Device Utilization Chart         Sun Jun 28 23:36:31 2015

P22V10G Resource Allocations:
--------------------------------------------------------------------------------



        Device        | Resource  |   Design    |
       Resources      | Available | Requirement | Unused
======================|===========|=============|==============
                      |           |             |
Input Pins:           |           |             |
                      |           |             |
          Input:      |     12    |      8      |    4 ( 33 %)
                      |           |             |
Output Pins:          |           |             |
                      |           |             |
          In/Out:     |     10    |      9      |    1 ( 10 %)
          Output:     |      -    |      -      |    -
                      |           |             |
Buried Nodes:         |           |             |
                      |           |             |
          Input Reg:  |      -    |      -      |    -
          Pin Reg:    |     10    |      0      |   10 (100 %)
          Buried Reg: |      -    |      -      |    -


                                                                      Page 5
ispLEVER Classic 2.0.00.17.20.15  -  Device Utilization Chart         Sun Jun 28 23:36:31 2015

P22V10G Product Terms Distribution:
--------------------------------------------------------------------------------



            Signal                       |    Pin   | Terms | Terms | Terms
             Name                        | Assigned | Used  |  Max  | Unused
=========================================|==========|=======|=======|=======
digout_6_                                |   23     |   7   |   8   |   1
digo                                     |   15     |   1   |  10   |   9
digt                                     |   14     |   1   |   8   |   7
digout_5_                                |   22     |   6   |  10   |   4
digout_4_                                |   21     |   5   |  12   |   7
digout_3_                                |   20     |   7   |  14   |   7
digout_2_                                |   19     |   3   |  16   |  13
digout_1_                                |   18     |   6   |  16   |  10
digout_0_                                |   17     |   6   |  14   |   8


     ==== List of Inputs/Feedbacks ====

Signal Name                              | Pin      | Pin Type
=========================================|==========|=========
diga_2_                                  |    1     | CLK/IN
digb_3_                                  |    4     | INPUT
clk                                      |   10     | INPUT
diga_1_                                  |    2     | INPUT
diga_0_                                  |    3     | INPUT
digb_2_                                  |    5     | INPUT
digb_1_                                  |    6     | INPUT
digb_0_                                  |    7     | INPUT


                                                                      Page 6
ispLEVER Classic 2.0.00.17.20.15  -  Device Utilization Chart         Sun Jun 28 23:36:31 2015

P22V10G Unused Resources:
--------------------------------------------------------------------------------



 Pin   |  Pin   |   Product   | Flip-flop
Number |  Type  |   Terms     |   Type
=======|========|=============|==========
    8  |  INPUT |      -      |    -   
    9  |  INPUT |      -      |    -   
   11  |  INPUT |      -      |    -   
   13  |  INPUT |      -      |    -   
   16  |  BIDIR | NORMAL 12   |    D
