Running in Lattice mode


Starting:    C:\ispLEVER_Classic2_0\synpbase\bin\mbin\synbatch.exe
Install:     C:\ispLEVER_Classic2_0\synpbase
Date:        Sun Jun 28 23:36:20 2015
Version:     I-2014.03LC 

Arguments:   -product synplify_pro  -batch c:/users/andres/desktop/digitos\decodificador.prj
ProductType: synplify_pro





log file: "C:\users\andres\desktop\digitos\decodificador.srr"

Running decodificador|digitos

Running: Compile on decodificador|digitos

Running: Compile Process on decodificador|digitos

Running: Compile Input on decodificador|digitos
Copied C:\users\andres\desktop\digitos\synwork\decodificador_comp.srs to C:\users\andres\desktop\digitos\decodificador.srs
compiler Completed
Return Code: 0
Run Time:0h:00m:01s

Running: Multi-srs Generator on decodificador|digitos
Copied C:\users\andres\desktop\digitos\synwork\decodificador_comp.srs to C:\users\andres\desktop\digitos\synwork\decodificador_s.srs
multi_srs_gen Completed
Return Code: 0
Run Time:0h:00m:00s
Copied C:\users\andres\desktop\digitos\synwork\decodificador_mult.srs to C:\users\andres\desktop\digitos\decodificador.srs
Copied C:\users\andres\desktop\digitos\decodificador.srr to C:\users\andres\desktop\digitos\decodificador.srf
Complete: Compile Process on decodificador|digitos
Complete: Compile on decodificador|digitos

Running: Map on decodificador|digitos

Running: Map & Optimize on decodificador|digitos
fpga_mapper Completed
Return Code: 0
Run Time:0h:00m:00s
Complete: Map on decodificador|digitos
Copied C:\users\andres\desktop\digitos\decodificador.srr to C:\users\andres\desktop\digitos\decodificador.srf
Complete: Logic Synthesis on decodificador|digitos

exit status=0

exit status=0

